<?xml version="1.0" encoding="UTF-8"?>
<!-- Generated by org.testng.reporters.JUnitReportReporter -->
<testsuite hostname="ARPGL002607" failures="0" tests="1" name="saurabh.extentReport.Extent" time="15.774" errors="0" timestamp="20 Jan 2023 12:37:08 GMT" skipped="0">
  <testcase classname="saurabh.extentReport.Extent" name="test1" time="15.774"/>
</testsuite> <!-- saurabh.extentReport.Extent -->
